<?xml version="1.0" encoding="UTF-8"?>
<testsuite name="com.stackroute.activitystream.circleservice.CircleServiceApplicationTests" time="0.435" tests="1" errors="0" skipped="0" failures="1">
  <properties>
[...]
</properties>
  <testcase name="createCircleTest" classname="com.stackroute.activitystream.circleservice.CircleServiceApplicationTests" time="0.435">
    <failure message="expected:&lt;true&gt; but was:&lt;false&gt;" type="java.lang.AssertionError"><![CDATA[java.lang.AssertionError: expected:<true> but was:<false>
	at org.junit.Assert.fail(Assert.java:88)
	at org.junit.Assert.failNotEquals(Assert.java:834)
	at org.junit.Assert.assertEquals(Assert.java:118)
	at org.junit.Assert.assertEquals(Assert.java:144)
	at com.stackroute.activitystream.circleservice.CircleServiceApplicationTests.createCircleTest(CircleServiceApplicationTests.java:43)
]]></failure>
    <system-out><![CDATA[10:54:55.935 [main] DEBUG org.springframework.test.context.junit4.SpringJUnit4ClassRunner - SpringJUnit4ClassRunner constructor called with [class com.stackroute.activitystream.circleservice.CircleServiceApplicationTests]
10:54:55.997 [main] DEBUG org.springframework.test.context.BootstrapUtils - Instantiating CacheAwareContextLoaderDelegate from class [org.springframework.test.context.cache.DefaultCacheAwareContextLoaderDelegate]
10:54:56.029 [main] DEBUG org.springframework.test.context.BootstrapUtils - Instantiating BootstrapContext using constructor [public org.springframework.test.context.support.DefaultBootstrapContext(java.lang.Class,org.springframework.test.context.CacheAwareContextLoaderDelegate)]
10:54:56.061 [main] DEBUG org.springframework.test.context.BootstrapUtils - Instantiating TestContextBootstrapper for test class [com.stackroute.activitystream.circleservice.CircleServiceApplicationTests] from class [org.springframework.boot.test.context.SpringBootTestContextBootstrapper]
10:54:56.107 [main] INFO org.springframework.boot.test.context.SpringBootTestContextBootstrapper - Neither @ContextConfiguration nor @ContextHierarchy found for test class [com.stackroute.activitystream.circleservice.CircleServiceApplicationTests], using SpringBootContextLoader
10:54:56.123 [main] DEBUG org.springframework.test.context.support.AbstractContextLoader - Did not detect default resource location for test class [com.stackroute.activitystream.circleservice.CircleServiceApplicationTests]: class path resource [com/stackroute/activitystream/circleservice/CircleServiceApplicationTests-context.xml] does not exist
10:54:56.123 [main] DEBUG org.springframework.test.context.support.AbstractContextLoader - Did not detect default resource location for test class [com.stackroute.activitystream.circleservice.CircleServiceApplicationTests]: class path resource [com/stackroute/activitystream/circleservice/CircleServiceApplicationTestsContext.groovy] does not exist
10:54:56.123 [main] INFO org.springframework.test.context.support.AbstractContextLoader - Could not detect default resource locations for test class [com.stackroute.activitystream.circleservice.CircleServiceApplicationTests]: no resource found for suffixes {-context.xml, Context.groovy}.
10:54:56.123 [main] INFO org.springframework.test.context.support.AnnotationConfigContextLoaderUtils - Could not detect default configuration classes for test class [com.stackroute.activitystream.circleservice.CircleServiceApplicationTests]: CircleServiceApplicationTests does not declare any static, non-private, non-final, nested classes annotated with @Configuration.
10:54:56.248 [main] DEBUG org.springframework.test.context.support.ActiveProfilesUtils - Could not find an 'annotation declaring class' for annotation type [org.springframework.test.context.ActiveProfiles] and class [com.stackroute.activitystream.circleservice.CircleServiceApplicationTests]
10:54:56.279 [main] DEBUG org.springframework.core.env.StandardEnvironment - Adding [systemProperties] PropertySource with lowest search precedence
10:54:56.279 [main] DEBUG org.springframework.core.env.StandardEnvironment - Adding [systemEnvironment] PropertySource with lowest search precedence
10:54:56.279 [main] DEBUG org.springframework.core.env.StandardEnvironment - Initialized StandardEnvironment with PropertySources [systemProperties,systemEnvironment]
10:54:56.326 [main] DEBUG org.springframework.core.io.support.PathMatchingResourcePatternResolver - Resolved classpath location [com/stackroute/activitystream/circleservice/] to resources [URL [file:/C:/Users/Admin/git/Activity-Stream/CircleService/target/test-classes/com/stackroute/activitystream/circleservice/], URL [file:/C:/Users/Admin/git/Activity-Stream/CircleService/target/classes/com/stackroute/activitystream/circleservice/]]
10:54:56.326 [main] DEBUG org.springframework.core.io.support.PathMatchingResourcePatternResolver - Looking for matching resources in directory tree [C:\Users\Admin\git\Activity-Stream\CircleService\target\test-classes\com\stackroute\activitystream\circleservice]
10:54:56.326 [main] DEBUG org.springframework.core.io.support.PathMatchingResourcePatternResolver - Searching directory [C:\Users\Admin\git\Activity-Stream\CircleService\target\test-classes\com\stackroute\activitystream\circleservice] for files matching pattern [C:/Users/Admin/git/Activity-Stream/CircleService/target/test-classes/com/stackroute/activitystream/circleservice/*.class]
10:54:56.342 [main] DEBUG org.springframework.core.io.support.PathMatchingResourcePatternResolver - Looking for matching resources in directory tree [C:\Users\Admin\git\Activity-Stream\CircleService\target\classes\com\stackroute\activitystream\circleservice]
10:54:56.342 [main] DEBUG org.springframework.core.io.support.PathMatchingResourcePatternResolver - Searching directory [C:\Users\Admin\git\Activity-Stream\CircleService\target\classes\com\stackroute\activitystream\circleservice] for files matching pattern [C:/Users/Admin/git/Activity-Stream/CircleService/target/classes/com/stackroute/activitystream/circleservice/*.class]
10:54:56.342 [main] DEBUG org.springframework.core.io.support.PathMatchingResourcePatternResolver - Resolved location pattern [classpath*:com/stackroute/activitystream/circleservice/*.class] to resources [file [C:\Users\Admin\git\Activity-Stream\CircleService\target\test-classes\com\stackroute\activitystream\circleservice\CircleServiceApplicationTests.class], file [C:\Users\Admin\git\Activity-Stream\CircleService\target\classes\com\stackroute\activitystream\circleservice\Circle.class], file [C:\Users\Admin\git\Activity-Stream\CircleService\target\classes\com\stackroute\activitystream\circleservice\CircleController.class], file [C:\Users\Admin\git\Activity-Stream\CircleService\target\classes\com\stackroute\activitystream\circleservice\CircleDAO.class], file [C:\Users\Admin\git\Activity-Stream\CircleService\target\classes\com\stackroute\activitystream\circleservice\CircleDAOImpl.class], file [C:\Users\Admin\git\Activity-Stream\CircleService\target\classes\com\stackroute\activitystream\circleservice\CircleServiceApplication.class]]
10:54:56.607 [main] DEBUG org.springframework.context.annotation.ClassPathScanningCandidateComponentProvider - Identified candidate component class: file [C:\Users\Admin\git\Activity-Stream\CircleService\target\classes\com\stackroute\activitystream\circleservice\CircleServiceApplication.class]
10:54:56.607 [main] INFO org.springframework.boot.test.context.SpringBootTestContextBootstrapper - Found @SpringBootConfiguration com.stackroute.activitystream.circleservice.CircleServiceApplication for test class com.stackroute.activitystream.circleservice.CircleServiceApplicationTests
10:54:56.623 [main] DEBUG org.springframework.boot.test.context.SpringBootTestContextBootstrapper - @TestExecutionListeners is not present for class [com.stackroute.activitystream.circleservice.CircleServiceApplicationTests]: using defaults.
10:54:56.639 [main] INFO org.springframework.boot.test.context.SpringBootTestContextBootstrapper - Loaded default TestExecutionListener class names from location [META-INF/spring.factories]: [org.springframework.boot.test.mock.mockito.MockitoTestExecutionListener, org.springframework.boot.test.mock.mockito.ResetMocksTestExecutionListener, org.springframework.boot.test.autoconfigure.restdocs.RestDocsTestExecutionListener, org.springframework.boot.test.autoconfigure.web.client.MockRestServiceServerResetTestExecutionListener, org.springframework.boot.test.autoconfigure.web.servlet.MockMvcPrintOnlyOnFailureTestExecutionListener, org.springframework.boot.test.autoconfigure.web.servlet.WebDriverTestExecutionListener, org.springframework.test.context.web.ServletTestExecutionListener, org.springframework.test.context.support.DirtiesContextBeforeModesTestExecutionListener, org.springframework.test.context.support.DependencyInjectionTestExecutionListener, org.springframework.test.context.support.DirtiesContextTestExecutionListener, org.springframework.test.context.transaction.TransactionalTestExecutionListener, org.springframework.test.context.jdbc.SqlScriptsTestExecutionListener]
10:54:56.701 [main] INFO org.springframework.boot.test.context.SpringBootTestContextBootstrapper - Using TestExecutionListeners: [org.springframework.test.context.web.ServletTestExecutionListener@58fdd99, org.springframework.test.context.support.DirtiesContextBeforeModesTestExecutionListener@6b1274d2, org.springframework.boot.test.autoconfigure.SpringBootDependencyInjectionTestExecutionListener@7bc1a03d, org.springframework.test.context.support.DirtiesContextTestExecutionListener@70b0b186, org.springframework.test.context.transaction.TransactionalTestExecutionListener@ba8d91c, org.springframework.test.context.jdbc.SqlScriptsTestExecutionListener@7364985f, org.springframework.boot.test.autoconfigure.web.client.MockRestServiceServerResetTestExecutionListener@5d20e46, org.springframework.boot.test.autoconfigure.web.servlet.MockMvcPrintOnlyOnFailureTestExecutionListener@709ba3fb, org.springframework.boot.test.mock.mockito.ResetMocksTestExecutionListener@3d36e4cd, org.springframework.boot.test.autoconfigure.restdocs.RestDocsTestExecutionListener@6a472554, org.springframework.boot.test.mock.mockito.MockitoTestExecutionListener@7ff2a664, org.springframework.boot.test.autoconfigure.web.servlet.WebDriverTestExecutionListener@525b461a]
10:54:56.717 [main] DEBUG org.springframework.test.annotation.ProfileValueUtils - Retrieved @ProfileValueSourceConfiguration [null] for test class [com.stackroute.activitystream.circleservice.CircleServiceApplicationTests]
10:54:56.717 [main] DEBUG org.springframework.test.annotation.ProfileValueUtils - Retrieved ProfileValueSource type [class org.springframework.test.annotation.SystemProfileValueSource] for class [com.stackroute.activitystream.circleservice.CircleServiceApplicationTests]
10:54:56.717 [main] DEBUG org.springframework.test.context.junit4.SpringJUnit4ClassRunner - SpringJUnit4ClassRunner constructor called with [class com.stackroute.activitystream.circleservice.CircleServiceApplicationTests]
10:54:56.717 [main] DEBUG org.springframework.test.context.BootstrapUtils - Instantiating CacheAwareContextLoaderDelegate from class [org.springframework.test.context.cache.DefaultCacheAwareContextLoaderDelegate]
10:54:56.717 [main] DEBUG org.springframework.test.context.BootstrapUtils - Instantiating BootstrapContext using constructor [public org.springframework.test.context.support.DefaultBootstrapContext(java.lang.Class,org.springframework.test.context.CacheAwareContextLoaderDelegate)]
10:54:56.717 [main] DEBUG org.springframework.test.context.BootstrapUtils - Instantiating TestContextBootstrapper for test class [com.stackroute.activitystream.circleservice.CircleServiceApplicationTests] from class [org.springframework.boot.test.context.SpringBootTestContextBootstrapper]
10:54:56.717 [main] INFO org.springframework.boot.test.context.SpringBootTestContextBootstrapper - Neither @ContextConfiguration nor @ContextHierarchy found for test class [com.stackroute.activitystream.circleservice.CircleServiceApplicationTests], using SpringBootContextLoader
10:54:56.732 [main] DEBUG org.springframework.test.context.support.AbstractContextLoader - Did not detect default resource location for test class [com.stackroute.activitystream.circleservice.CircleServiceApplicationTests]: class path resource [com/stackroute/activitystream/circleservice/CircleServiceApplicationTests-context.xml] does not exist
10:54:56.732 [main] DEBUG org.springframework.test.context.support.AbstractContextLoader - Did not detect default resource location for test class [com.stackroute.activitystream.circleservice.CircleServiceApplicationTests]: class path resource [com/stackroute/activitystream/circleservice/CircleServiceApplicationTestsContext.groovy] does not exist
10:54:56.732 [main] INFO org.springframework.test.context.support.AbstractContextLoader - Could not detect default resource locations for test class [com.stackroute.activitystream.circleservice.CircleServiceApplicationTests]: no resource found for suffixes {-context.xml, Context.groovy}.
10:54:56.732 [main] INFO org.springframework.test.context.support.AnnotationConfigContextLoaderUtils - Could not detect default configuration classes for test class [com.stackroute.activitystream.circleservice.CircleServiceApplicationTests]: CircleServiceApplicationTests does not declare any static, non-private, non-final, nested classes annotated with @Configuration.
10:54:56.748 [main] DEBUG org.springframework.test.context.support.ActiveProfilesUtils - Could not find an 'annotation declaring class' for annotation type [org.springframework.test.context.ActiveProfiles] and class [com.stackroute.activitystream.circleservice.CircleServiceApplicationTests]
10:54:56.748 [main] DEBUG org.springframework.core.env.StandardEnvironment - Adding [systemProperties] PropertySource with lowest search precedence
10:54:56.748 [main] DEBUG org.springframework.core.env.StandardEnvironment - Adding [systemEnvironment] PropertySource with lowest search precedence
10:54:56.764 [main] DEBUG org.springframework.core.env.StandardEnvironment - Initialized StandardEnvironment with PropertySources [systemProperties,systemEnvironment]
10:54:56.764 [main] INFO org.springframework.boot.test.context.SpringBootTestContextBootstrapper - Found @SpringBootConfiguration com.stackroute.activitystream.circleservice.CircleServiceApplication for test class com.stackroute.activitystream.circleservice.CircleServiceApplicationTests
10:54:56.764 [main] DEBUG org.springframework.boot.test.context.SpringBootTestContextBootstrapper - @TestExecutionListeners is not present for class [com.stackroute.activitystream.circleservice.CircleServiceApplicationTests]: using defaults.
10:54:56.779 [main] INFO org.springframework.boot.test.context.SpringBootTestContextBootstrapper - Loaded default TestExecutionListener class names from location [META-INF/spring.factories]: [org.springframework.boot.test.mock.mockito.MockitoTestExecutionListener, org.springframework.boot.test.mock.mockito.ResetMocksTestExecutionListener, org.springframework.boot.test.autoconfigure.restdocs.RestDocsTestExecutionListener, org.springframework.boot.test.autoconfigure.web.client.MockRestServiceServerResetTestExecutionListener, org.springframework.boot.test.autoconfigure.web.servlet.MockMvcPrintOnlyOnFailureTestExecutionListener, org.springframework.boot.test.autoconfigure.web.servlet.WebDriverTestExecutionListener, org.springframework.test.context.web.ServletTestExecutionListener, org.springframework.test.context.support.DirtiesContextBeforeModesTestExecutionListener, org.springframework.test.context.support.DependencyInjectionTestExecutionListener, org.springframework.test.context.support.DirtiesContextTestExecutionListener, org.springframework.test.context.transaction.TransactionalTestExecutionListener, org.springframework.test.context.jdbc.SqlScriptsTestExecutionListener]
10:54:56.795 [main] INFO org.springframework.boot.test.context.SpringBootTestContextBootstrapper - Using TestExecutionListeners: [org.springframework.test.context.web.ServletTestExecutionListener@25b485ba, org.springframework.test.context.support.DirtiesContextBeforeModesTestExecutionListener@2b546384, org.springframework.boot.test.autoconfigure.SpringBootDependencyInjectionTestExecutionListener@5d740a0f, org.springframework.test.context.support.DirtiesContextTestExecutionListener@214b199c, org.springframework.test.context.transaction.TransactionalTestExecutionListener@20d3d15a, org.springframework.test.context.jdbc.SqlScriptsTestExecutionListener@2893de87, org.springframework.boot.test.autoconfigure.web.client.MockRestServiceServerResetTestExecutionListener@55ca8de8, org.springframework.boot.test.autoconfigure.web.servlet.MockMvcPrintOnlyOnFailureTestExecutionListener@2c34f934, org.springframework.boot.test.mock.mockito.ResetMocksTestExecutionListener@12d3a4e9, org.springframework.boot.test.autoconfigure.restdocs.RestDocsTestExecutionListener@240237d2, org.springframework.boot.test.mock.mockito.MockitoTestExecutionListener@25a65b77, org.springframework.boot.test.autoconfigure.web.servlet.WebDriverTestExecutionListener@2ed0fbae]
10:54:56.795 [main] DEBUG org.springframework.test.annotation.ProfileValueUtils - Retrieved @ProfileValueSourceConfiguration [null] for test class [com.stackroute.activitystream.circleservice.CircleServiceApplicationTests]
10:54:56.795 [main] DEBUG org.springframework.test.annotation.ProfileValueUtils - Retrieved ProfileValueSource type [class org.springframework.test.annotation.SystemProfileValueSource] for class [com.stackroute.activitystream.circleservice.CircleServiceApplicationTests]
10:54:56.795 [main] DEBUG org.springframework.test.annotation.ProfileValueUtils - Retrieved @ProfileValueSourceConfiguration [null] for test class [com.stackroute.activitystream.circleservice.CircleServiceApplicationTests]
10:54:56.795 [main] DEBUG org.springframework.test.annotation.ProfileValueUtils - Retrieved ProfileValueSource type [class org.springframework.test.annotation.SystemProfileValueSource] for class [com.stackroute.activitystream.circleservice.CircleServiceApplicationTests]
10:54:56.811 [main] DEBUG org.springframework.test.context.support.AbstractDirtiesContextTestExecutionListener - Before test class: context [DefaultTestContext@53ca01a2 testClass = CircleServiceApplicationTests, testInstance = [null], testMethod = [null], testException = [null], mergedContextConfiguration = [WebMergedContextConfiguration@358c99f5 testClass = CircleServiceApplicationTests, locations = '{}', classes = '{class com.stackroute.activitystream.circleservice.CircleServiceApplication}', contextInitializerClasses = '[]', activeProfiles = '{}', propertySourceLocations = '{}', propertySourceProperties = '{org.springframework.boot.test.context.SpringBootTestContextBootstrapper=true, server.port=0}', contextCustomizers = set[org.springframework.boot.test.context.SpringBootTestContextCustomizer@369f73a2, org.springframework.boot.test.context.filter.ExcludeFilterContextCustomizer@7791a895, org.springframework.boot.test.json.DuplicateJsonObjectContextCustomizerFactory$DuplicateJsonObjectContextCustomizer@1d16f93d, org.springframework.boot.test.mock.mockito.MockitoContextCustomizer@0, org.springframework.boot.test.autoconfigure.properties.PropertyMappingContextCustomizer@0, org.springframework.boot.test.autoconfigure.web.servlet.WebDriverContextCustomizerFactory$Customizer@1efed156], resourceBasePath = 'src/main/webapp', contextLoader = 'org.springframework.boot.test.context.SpringBootContextLoader', parent = [null]]], class annotated with @DirtiesContext [false] with mode [null].
10:54:56.811 [main] DEBUG org.springframework.test.annotation.ProfileValueUtils - Retrieved @ProfileValueSourceConfiguration [null] for test class [com.stackroute.activitystream.circleservice.CircleServiceApplicationTests]
10:54:56.826 [main] DEBUG org.springframework.test.annotation.ProfileValueUtils - Retrieved ProfileValueSource type [class org.springframework.test.annotation.SystemProfileValueSource] for class [com.stackroute.activitystream.circleservice.CircleServiceApplicationTests]
10:54:56.826 [main] DEBUG org.springframework.test.context.support.DependencyInjectionTestExecutionListener - Performing dependency injection for test context [[DefaultTestContext@53ca01a2 testClass = CircleServiceApplicationTests, testInstance = com.stackroute.activitystream.circleservice.CircleServiceApplicationTests@3d299e3, testMethod = [null], testException = [null], mergedContextConfiguration = [WebMergedContextConfiguration@358c99f5 testClass = CircleServiceApplicationTests, locations = '{}', classes = '{class com.stackroute.activitystream.circleservice.CircleServiceApplication}', contextInitializerClasses = '[]', activeProfiles = '{}', propertySourceLocations = '{}', propertySourceProperties = '{org.springframework.boot.test.context.SpringBootTestContextBootstrapper=true, server.port=0}', contextCustomizers = set[org.springframework.boot.test.context.SpringBootTestContextCustomizer@369f73a2, org.springframework.boot.test.context.filter.ExcludeFilterContextCustomizer@7791a895, org.springframework.boot.test.json.DuplicateJsonObjectContextCustomizerFactory$DuplicateJsonObjectContextCustomizer@1d16f93d, org.springframework.boot.test.mock.mockito.MockitoContextCustomizer@0, org.springframework.boot.test.autoconfigure.properties.PropertyMappingContextCustomizer@0, org.springframework.boot.test.autoconfigure.web.servlet.WebDriverContextCustomizerFactory$Customizer@1efed156], resourceBasePath = 'src/main/webapp', contextLoader = 'org.springframework.boot.test.context.SpringBootContextLoader', parent = [null]]]].
10:54:57.061 [main] DEBUG org.springframework.core.env.StandardEnvironment - Adding [systemProperties] PropertySource with lowest search precedence
10:54:57.061 [main] DEBUG org.springframework.core.env.StandardEnvironment - Adding [systemEnvironment] PropertySource with lowest search precedence
10:54:57.061 [main] DEBUG org.springframework.core.env.StandardEnvironment - Initialized StandardEnvironment with PropertySources [systemProperties,systemEnvironment]
10:54:57.061 [main] DEBUG org.springframework.test.context.support.TestPropertySourceUtils - Adding inlined properties to environment: {spring.jmx.enabled=false, org.springframework.boot.test.context.SpringBootTestContextBootstrapper=true, server.port=0}
10:54:57.061 [main] DEBUG org.springframework.core.env.StandardEnvironment - Adding [Inlined Test Properties] PropertySource with highest search precedence

  .   ____          _            __ _ _
 /\\ / ___'_ __ _ _(_)_ __  __ _ \ \ \ \
( ( )\___ | '_ | '_| | '_ \/ _` | \ \ \ \
 \\/  ___)| |_)| | | | | || (_| |  ) ) ) )
  '  |____| .__|_| |_|_| |_\__, | / / / /
 =========|_|==============|___/=/_/_/_/
 :: Spring Boot ::        (v1.5.6.RELEASE)

2017-08-02 10:54:57.937  INFO 4772 --- [           main] c.s.a.c.CircleServiceApplicationTests    : Starting CircleServiceApplicationTests on MUM-BOR-FLM07 with PID 4772 (started by Admin in C:\Users\Admin\git\Activity-Stream\CircleService)
2017-08-02 10:54:57.937  INFO 4772 --- [           main] c.s.a.c.CircleServiceApplicationTests    : No active profile set, falling back to default profiles: default
2017-08-02 10:54:58.030  INFO 4772 --- [           main] ationConfigEmbeddedWebApplicationContext : Refreshing org.springframework.boot.context.embedded.AnnotationConfigEmbeddedWebApplicationContext@3f6b0be5: startup date [Wed Aug 02 10:54:58 IST 2017]; root of context hierarchy
2017-08-02 10:55:03.080  INFO 4772 --- [           main] trationDelegate$BeanPostProcessorChecker : Bean 'org.springframework.transaction.annotation.ProxyTransactionManagementConfiguration' of type [org.springframework.transaction.annotation.ProxyTransactionManagementConfiguration$$EnhancerBySpringCGLIB$$26969b58] is not eligible for getting processed by all BeanPostProcessors (for example: not eligible for auto-proxying)
2017-08-02 10:55:05.153  INFO 4772 --- [           main] s.b.c.e.t.TomcatEmbeddedServletContainer : Tomcat initialized with port(s): 0 (http)
2017-08-02 10:55:05.216  INFO 4772 --- [           main] o.apache.catalina.core.StandardService   : Starting service [Tomcat]
2017-08-02 10:55:05.216  INFO 4772 --- [           main] org.apache.catalina.core.StandardEngine  : Starting Servlet Engine: Apache Tomcat/8.5.16
2017-08-02 10:55:05.779  INFO 4772 --- [ost-startStop-1] o.a.c.c.C.[Tomcat].[localhost].[/]       : Initializing Spring embedded WebApplicationContext
2017-08-02 10:55:05.779  INFO 4772 --- [ost-startStop-1] o.s.web.context.ContextLoader            : Root WebApplicationContext: initialization completed in 7764 ms
2017-08-02 10:55:06.311  INFO 4772 --- [ost-startStop-1] o.s.b.w.servlet.ServletRegistrationBean  : Mapping servlet: 'dispatcherServlet' to [/]
2017-08-02 10:55:06.323  INFO 4772 --- [ost-startStop-1] o.s.b.w.servlet.FilterRegistrationBean   : Mapping filter: 'characterEncodingFilter' to: [/*]
2017-08-02 10:55:06.325  INFO 4772 --- [ost-startStop-1] o.s.b.w.servlet.FilterRegistrationBean   : Mapping filter: 'hiddenHttpMethodFilter' to: [/*]
2017-08-02 10:55:06.325  INFO 4772 --- [ost-startStop-1] o.s.b.w.servlet.FilterRegistrationBean   : Mapping filter: 'httpPutFormContentFilter' to: [/*]
2017-08-02 10:55:06.326  INFO 4772 --- [ost-startStop-1] o.s.b.w.servlet.FilterRegistrationBean   : Mapping filter: 'requestContextFilter' to: [/*]
2017-08-02 10:55:08.344  INFO 4772 --- [           main] j.LocalContainerEntityManagerFactoryBean : Building JPA container EntityManagerFactory for persistence unit 'default'
2017-08-02 10:55:08.401  INFO 4772 --- [           main] o.hibernate.jpa.internal.util.LogHelper  : HHH000204: Processing PersistenceUnitInfo [
	name: default
	...]
2017-08-02 10:55:08.625  INFO 4772 --- [           main] org.hibernate.Version                    : HHH000412: Hibernate Core {5.0.12.Final}
2017-08-02 10:55:08.632  INFO 4772 --- [           main] org.hibernate.cfg.Environment            : HHH000206: hibernate.properties not found
2017-08-02 10:55:08.638  INFO 4772 --- [           main] org.hibernate.cfg.Environment            : HHH000021: Bytecode provider name : javassist
2017-08-02 10:55:08.794  INFO 4772 --- [           main] o.hibernate.annotations.common.Version   : HCANN000001: Hibernate Commons Annotations {5.0.1.Final}
2017-08-02 10:55:09.471  INFO 4772 --- [           main] org.hibernate.dialect.Dialect            : HHH000400: Using dialect: org.hibernate.dialect.MySQL5Dialect
2017-08-02 10:55:10.050  INFO 4772 --- [           main] org.hibernate.tool.hbm2ddl.SchemaUpdate  : HHH000228: Running hbm2ddl schema update
2017-08-02 10:55:10.191  INFO 4772 --- [           main] j.LocalContainerEntityManagerFactoryBean : Initialized JPA EntityManagerFactory for persistence unit 'default'
2017-08-02 10:55:11.888  INFO 4772 --- [           main] s.w.s.m.m.a.RequestMappingHandlerAdapter : Looking for @ControllerAdvice: org.springframework.boot.context.embedded.AnnotationConfigEmbeddedWebApplicationContext@3f6b0be5: startup date [Wed Aug 02 10:54:58 IST 2017]; root of context hierarchy
2017-08-02 10:55:12.135  INFO 4772 --- [           main] s.w.s.m.m.a.RequestMappingHandlerMapping : Mapped "{[/deletecircle/{circleId}],methods=[GET]}" onto public org.springframework.http.ResponseEntity<?> com.stackroute.activitystream.circleservice.CircleController.deleteCircle(int)
2017-08-02 10:55:12.139  INFO 4772 --- [           main] s.w.s.m.m.a.RequestMappingHandlerMapping : Mapped "{[/createcircle],methods=[POST]}" onto public org.springframework.http.ResponseEntity<?> com.stackroute.activitystream.circleservice.CircleController.createCircle(com.stackroute.activitystream.circleservice.Circle)
2017-08-02 10:55:12.170  INFO 4772 --- [           main] s.w.s.m.m.a.RequestMappingHandlerMapping : Mapped "{[/getallcircles],methods=[GET]}" onto public org.springframework.http.ResponseEntity<?> com.stackroute.activitystream.circleservice.CircleController.getAllCircles()
2017-08-02 10:55:12.171  INFO 4772 --- [           main] s.w.s.m.m.a.RequestMappingHandlerMapping : Mapped "{[/updatecircle],methods=[POST]}" onto public org.springframework.http.ResponseEntity<?> com.stackroute.activitystream.circleservice.CircleController.updateCircle(com.stackroute.activitystream.circleservice.Circle)
2017-08-02 10:55:12.173  INFO 4772 --- [           main] s.w.s.m.m.a.RequestMappingHandlerMapping : Mapped "{[/getcirclebycircleid/{circleId}],methods=[GET]}" onto public org.springframework.http.ResponseEntity<?> com.stackroute.activitystream.circleservice.CircleController.getCircleByCircleId(int)
2017-08-02 10:55:12.181  INFO 4772 --- [           main] s.w.s.m.m.a.RequestMappingHandlerMapping : Mapped "{[/error]}" onto public org.springframework.http.ResponseEntity<java.util.Map<java.lang.String, java.lang.Object>> org.springframework.boot.autoconfigure.web.BasicErrorController.error(javax.servlet.http.HttpServletRequest)
2017-08-02 10:55:12.183  INFO 4772 --- [           main] s.w.s.m.m.a.RequestMappingHandlerMapping : Mapped "{[/error],produces=[text/html]}" onto public org.springframework.web.servlet.ModelAndView org.springframework.boot.autoconfigure.web.BasicErrorController.errorHtml(javax.servlet.http.HttpServletRequest,javax.servlet.http.HttpServletResponse)
2017-08-02 10:55:12.317  INFO 4772 --- [           main] o.s.w.s.handler.SimpleUrlHandlerMapping  : Mapped URL path [/webjars/**] onto handler of type [class org.springframework.web.servlet.resource.ResourceHttpRequestHandler]
2017-08-02 10:55:12.317  INFO 4772 --- [           main] o.s.w.s.handler.SimpleUrlHandlerMapping  : Mapped URL path [/**] onto handler of type [class org.springframework.web.servlet.resource.ResourceHttpRequestHandler]
2017-08-02 10:55:12.449  INFO 4772 --- [           main] o.s.w.s.handler.SimpleUrlHandlerMapping  : Mapped URL path [/**/favicon.ico] onto handler of type [class org.springframework.web.servlet.resource.ResourceHttpRequestHandler]
2017-08-02 10:55:13.476  INFO 4772 --- [           main] s.b.c.e.t.TomcatEmbeddedServletContainer : Tomcat started on port(s): 50646 (http)
2017-08-02 10:55:13.491  INFO 4772 --- [           main] c.s.a.c.CircleServiceApplicationTests    : Started CircleServiceApplicationTests in 16.413 seconds (JVM running for 18.689)
]]></system-out>
  </testcase>
</testsuite>